[INFO] 03:54:54:053 discordiador/(8914:8914): soy un log
[INFO] 04:01:28:883 discordiador/(9206:9206): soy un log
[INFO] 05:55:24:543 discordiador/(12322:12322): soy un log
[INFO] 05:55:24:549 discordiador/(12322:12322): DESEAS INICIAR CONEXION?
[INFO] 05:55:28:480 discordiador/(12322:12322): CONEXION CREADA CON MI RAM
[INFO] 05:55:28:480 discordiador/(12322:12322): CONEXION CREADA CON I MONGO STORE
[INFO] 05:55:28:480 discordiador/(12322:12322): CON QUIEN DESEAS HABLAR
[INFO] 05:55:54:150 discordiador/(12322:12322): ESTAS POR HABLAR CON MONGO STORE
[INFO] 05:56:41:745 discordiador/(12322:12322): DE VUELTA AL LOBBY...
[INFO] 05:56:41:745 discordiador/(12322:12322): DE VUELTA AL LOBBY...
[INFO] 05:56:41:745 discordiador/(12322:12322): DE VUELTA AL LOBBY...
[INFO] 05:56:41:745 discordiador/(12322:12322): DE VUELTA AL LOBBY...
[INFO] 05:56:41:745 discordiador/(12322:12322): DE VUELTA AL LOBBY...
[INFO] 05:56:41:745 discordiador/(12322:12322): CON QUIEN DESEAS HABLAR
[INFO] 05:57:32:604 discordiador/(12322:12322): ESTAS POR HABLAR CON MI RAM
[INFO] 05:57:55:133 discordiador/(12322:12322): DE VUELTA AL LOBBY...
[INFO] 05:57:55:135 discordiador/(12322:12322): DE VUELTA AL LOBBY...
[INFO] 05:57:55:135 discordiador/(12322:12322): DE VUELTA AL LOBBY...
[INFO] 05:57:55:135 discordiador/(12322:12322): DE VUELTA AL LOBBY...
[INFO] 05:57:55:135 discordiador/(12322:12322): CON QUIEN DESEAS HABLAR
[INFO] 05:57:59:814 discordiador/(12322:12322): NO HABLASTE CON NADIE, SALIENDO.
[INFO] 06:00:37:686 discordiador/(12418:12418): soy un log
[INFO] 06:00:37:698 discordiador/(12418:12418): DESEAS INICIAR CONEXION?
[INFO] 06:00:40:386 discordiador/(12418:12418): CONEXION CREADA CON MI RAM
[INFO] 06:00:40:386 discordiador/(12418:12418): CONEXION CREADA CON I MONGO STORE
[INFO] 06:00:40:386 discordiador/(12418:12418): CON QUIEN DESEAS HABLAR
[INFO] 06:00:44:767 discordiador/(12418:12418): ESTAS POR HABLAR CON MI RAM
[INFO] 06:00:59:768 discordiador/(12418:12418): DE VUELTA AL LOBBY...
[INFO] 06:00:59:769 discordiador/(12418:12418): CON QUIEN DESEAS HABLAR
[INFO] 06:01:21:418 discordiador/(12418:12418): ESTAS POR HABLAR CON MONGO STORE
[INFO] 06:01:41:395 discordiador/(12418:12418): DE VUELTA AL LOBBY...
[INFO] 06:01:41:395 discordiador/(12418:12418): CON QUIEN DESEAS HABLAR
[INFO] 06:01:45:364 discordiador/(12418:12418): NO HABLASTE CON NADIE, SALIENDO.
